[2024-09-07 23:02:29,677][train_realnet.py][line: 122][    INFO] args: Namespace(class_name='LEISI_V2', config='experiments/LEISI_V2/realnet.yaml', dataset='LEISI_V2', local_rank=0)
[2024-09-07 23:02:29,680][train_realnet.py][line: 123][    INFO] config: {'checkpoints_path': 'experiments/LEISI_V2/realnet_checkpoints/',
 'criterion': [{'kwargs': {'weight': 1.0},
                'name': 'SegmentCrossEntropyLoss',
                'type': 'SegmentCrossEntropyLoss'},
               {'kwargs': {'weight': 1.0},
                'name': 'FeatureMSELoss',
                'type': 'FeatureMSELoss'}],
 'dataset': {'batch_size': 12,
             'image_reader': {'kwargs': {'color_mode': 'RGB',
                                         'image_dir': 'data/LEISI_V2/leisi/'},
                              'type': 'opencv'},
             'input_size': [256, 256],
             'pixel_mean': [0.278, 0.278, 0.278],
             'pixel_std': [0.238, 0.238, 0.238],
             'test': {'meta_file': './data/LEISI_V2/samples/test_LEISI_V2.json'},
             'train': {'anomaly_types': {'normal': 0.5, 'sdas': 0.5},
                       'dtd_dir': 'data/DTD/images',
                       'dtd_transparency_range': [0.2, 1.0],
                       'hflip': False,
                       'meta_file': 'data/LEISI_V2/samples/train_LEISI_V2.json',
                       'min_perlin_scale': 0,
                       'perlin_scale': 6,
                       'rotate': False,
                       'sdas_dir': 'data/LEISI_V2/sdas/LEISI_V2',
                       'sdas_transparency_range': [0.5, 1.0],
                       'vflip': False},
             'type': 'LEISI_V2',
             'workers': 12},
 'evaluator': {'key_metric': 'mean',
               'metrics': {'auc': [{'kwargs': {'avgpool_size': [16, 16]},
                                    'name': 'image'},
                                   {'name': 'pixel'}]}},
 'exp_path': 'experiments/LEISI_V2',
 'log_path': 'experiments/LEISI_V2/realnet_log/',
 'net': [{'frozen': True,
          'kwargs': {'backbone': 'wide_resnet50_2',
                     'outlayers': ['layer1', 'layer2', 'layer3', 'layer4']},
          'name': 'backbone',
          'type': 'models.backbones.Backbone'},
         {'frozen': True,
          'kwargs': {'init_bsn': 64,
                     'structure': [{'layers': [{'idx': 'layer1',
                                                'planes': 256}],
                                    'name': 'block1',
                                    'stride': 4},
                                   {'layers': [{'idx': 'layer2',
                                                'planes': 512}],
                                    'name': 'block2',
                                    'stride': 8},
                                   {'layers': [{'idx': 'layer3',
                                                'planes': 512}],
                                    'name': 'block3',
                                    'stride': 16},
                                   {'layers': [{'idx': 'layer4',
                                                'planes': 256}],
                                    'name': 'block4',
                                    'stride': 32}]},
          'name': 'afs',
          'prev': 'backbone',
          'type': 'models.afs.AFS'},
         {'kwargs': {'attention_mult': [2, 4],
                     'channel_mult': [1, 2, 4],
                     'hide_channels_ratio': 0.25,
                     'num_res_blocks': 2},
          'name': 'recon',
          'prev': 'afs',
          'type': 'models.recon.ReconstructionLayer'},
         {'kwargs': {'mode_numbers': [256, 256],
                     'modes': ['max', 'mean'],
                     'num_residual_layers': 2,
                     'stop_grad': False},
          'name': 'rrs',
          'prev': 'recon',
          'type': 'models.rrs.RRS'}],
 'random_seed': 100,
 'saver': {'checkpoints_dir': 'realnet_checkpoints/',
           'log_dir': 'realnet_log/',
           'vis_dir': 'realnet_vis/'},
 'structure': [{'layers': [{'idx': 'layer1', 'planes': 256}],
                'name': 'block1',
                'stride': 4},
               {'layers': [{'idx': 'layer2', 'planes': 512}],
                'name': 'block2',
                'stride': 8},
               {'layers': [{'idx': 'layer3', 'planes': 512}],
                'name': 'block3',
                'stride': 16},
               {'layers': [{'idx': 'layer4', 'planes': 256}],
                'name': 'block4',
                'stride': 32}],
 'trainer': {'max_epoch': 1000,
             'optimizer': {'kwargs': {'betas': [0.9, 0.999], 'lr': 0.0001},
                           'type': 'Adam'},
             'print_freq_step': 20,
             'val_freq_epoch': 5},
 'version': 'v1.0.0'}
[2024-09-07 23:02:29,681][train_realnet.py][line: 124][    INFO] class name is : LEISI_V2
[2024-09-07 23:02:35,408][ misc_helper.py][line:  54][    INFO] ************* model summary *************
[2024-09-07 23:02:35,410][ misc_helper.py][line:  56][    INFO] backbone: 66834240 param
[2024-09-07 23:02:35,411][ misc_helper.py][line:  56][    INFO] afs: 1536 param
[2024-09-07 23:02:35,416][ misc_helper.py][line:  56][    INFO] recon: 131118848 param
[2024-09-07 23:02:35,417][ misc_helper.py][line:  56][    INFO] rrs: 5872662 param
[2024-09-07 23:02:35,422][ misc_helper.py][line:  59][    INFO] ************* model summary *************
[2024-09-07 23:02:35,422][ misc_helper.py][line:  60][    INFO] total: 203827286 param
[2024-09-07 23:02:35,422][ misc_helper.py][line:  61][    INFO] frozen: 66835776 param
[2024-09-07 23:02:35,422][ misc_helper.py][line:  62][    INFO] trainable: 136991510 param
[2024-09-07 23:02:35,423][ misc_helper.py][line:  63][    INFO] ************* model summary *************
[2024-09-07 23:04:34,386][train_realnet.py][line: 155][    INFO] layers: ['backbone', 'afs', 'recon', 'rrs']
[2024-09-07 23:04:34,386][train_realnet.py][line: 156][    INFO] frozen layers: ['backbone', 'afs']
[2024-09-07 23:04:34,386][train_realnet.py][line: 157][    INFO] active layers: ['recon', 'rrs']
[2024-09-07 23:04:58,752][train_realnet.py][line: 264][    INFO] Epoch: [1/1000]	Iter: [20/92000]	Loss 38.15240 (42.34719)	
[2024-09-07 23:05:18,585][train_realnet.py][line: 264][    INFO] Epoch: [1/1000]	Iter: [40/92000]	Loss 32.48957 (35.13517)	
[2024-09-07 23:05:39,501][train_realnet.py][line: 264][    INFO] Epoch: [1/1000]	Iter: [60/92000]	Loss 29.05165 (30.31358)	
[2024-09-07 23:05:59,987][train_realnet.py][line: 264][    INFO] Epoch: [1/1000]	Iter: [80/92000]	Loss 26.18983 (27.17229)	
[2024-09-07 23:06:24,903][train_realnet.py][line: 264][    INFO] Epoch: [2/1000]	Iter: [100/92000]	Loss 24.05619 (24.51892)	
[2024-09-07 23:06:45,436][train_realnet.py][line: 264][    INFO] Epoch: [2/1000]	Iter: [120/92000]	Loss 23.31461 (23.50341)	
[2024-09-07 23:07:06,895][train_realnet.py][line: 264][    INFO] Epoch: [2/1000]	Iter: [140/92000]	Loss 21.89478 (22.42773)	
[2024-09-07 23:07:27,730][train_realnet.py][line: 264][    INFO] Epoch: [2/1000]	Iter: [160/92000]	Loss 21.44681 (21.57935)	
[2024-09-07 23:07:48,832][train_realnet.py][line: 264][    INFO] Epoch: [2/1000]	Iter: [180/92000]	Loss 20.68878 (20.76900)	
[2024-09-07 23:08:13,768][train_realnet.py][line: 264][    INFO] Epoch: [3/1000]	Iter: [200/92000]	Loss 20.08702 (20.10876)	
[2024-09-07 23:08:35,298][train_realnet.py][line: 264][    INFO] Epoch: [3/1000]	Iter: [220/92000]	Loss 19.31528 (19.54728)	
