[2024-09-04 23:04:11,708][train_realnet.py][line: 121][    INFO] args: Namespace(class_name='LEISI_V2', config='experiments/LEISI_V2/realnet.yaml', dataset='LEISI_V2', local_rank=0)
[2024-09-04 23:04:11,713][train_realnet.py][line: 122][    INFO] config: {'checkpoints_path': 'experiments/LEISI_V2/realnet_checkpoints/',
 'criterion': [{'kwargs': {'weight': 1.0},
                'name': 'SegmentCrossEntropyLoss',
                'type': 'SegmentCrossEntropyLoss'},
               {'kwargs': {'weight': 1.0},
                'name': 'FeatureMSELoss',
                'type': 'FeatureMSELoss'}],
 'dataset': {'batch_size': 1,
             'image_reader': {'kwargs': {'color_mode': 'RGB',
                                         'image_dir': 'data/LEISI_V2/leisi/'},
                              'type': 'opencv'},
             'input_size': [256, 256],
             'pixel_mean': [0.278, 0.278, 0.278],
             'pixel_std': [0.238, 0.238, 0.238],
             'test': {'meta_file': './data/LEISI_V2/samples/test_LEISI_V2.json'},
             'train': {'anomaly_types': {'dtd': 0.5, 'normal': 0.5},
                       'dtd_dir': 'data/DTD/images',
                       'dtd_transparency_range': [0.2, 1.0],
                       'hflip': False,
                       'meta_file': 'data/LEISI_V2/samples/train_LEISI_V2.json',
                       'min_perlin_scale': 0,
                       'perlin_scale': 6,
                       'rotate': False,
                       'sdas_dir': 'data/LEISI_V2/sdas/LEISI_V2',
                       'sdas_transparency_range': [0.5, 1.0],
                       'vflip': False},
             'type': 'LEISI_V2',
             'workers': 8},
 'evaluator': {'key_metric': 'mean',
               'metrics': {'auc': [{'kwargs': {'avgpool_size': [16, 16]},
                                    'name': 'image'},
                                   {'name': 'pixel'}]}},
 'exp_path': 'experiments/LEISI_V2',
 'log_path': 'experiments/LEISI_V2/realnet_log/',
 'net': [{'frozen': True,
          'kwargs': {'backbone': 'wide_resnet50_2',
                     'outlayers': ['layer1', 'layer2', 'layer3', 'layer4']},
          'name': 'backbone',
          'type': 'models.backbones.Backbone'},
         {'frozen': True,
          'kwargs': {'init_bsn': 64,
                     'structure': [{'layers': [{'idx': 'layer1',
                                                'planes': 256}],
                                    'name': 'block1',
                                    'stride': 4},
                                   {'layers': [{'idx': 'layer2',
                                                'planes': 512}],
                                    'name': 'block2',
                                    'stride': 8},
                                   {'layers': [{'idx': 'layer3',
                                                'planes': 512}],
                                    'name': 'block3',
                                    'stride': 16},
                                   {'layers': [{'idx': 'layer4',
                                                'planes': 256}],
                                    'name': 'block4',
                                    'stride': 32}]},
          'name': 'afs',
          'prev': 'backbone',
          'type': 'models.afs.AFS'},
         {'kwargs': {'attention_mult': [2, 4],
                     'channel_mult': [1, 2],
                     'hide_channels_ratio': 0.5,
                     'num_res_blocks': 2},
          'name': 'recon',
          'prev': 'afs',
          'type': 'models.recon.ReconstructionLayer'},
         {'kwargs': {'mode_numbers': [256, 256],
                     'modes': ['max', 'mean'],
                     'num_residual_layers': 2,
                     'stop_grad': False},
          'name': 'rrs',
          'prev': 'recon',
          'type': 'models.rrs.RRS'}],
 'random_seed': 100,
 'saver': {'checkpoints_dir': 'realnet_checkpoints/',
           'log_dir': 'realnet_log/',
           'vis_dir': 'realnet_vis/'},
 'structure': [{'layers': [{'idx': 'layer1', 'planes': 256}],
                'name': 'block1',
                'stride': 4},
               {'layers': [{'idx': 'layer2', 'planes': 512}],
                'name': 'block2',
                'stride': 8},
               {'layers': [{'idx': 'layer3', 'planes': 512}],
                'name': 'block3',
                'stride': 16},
               {'layers': [{'idx': 'layer4', 'planes': 256}],
                'name': 'block4',
                'stride': 32}],
 'trainer': {'max_epoch': 1000,
             'optimizer': {'kwargs': {'betas': [0.9, 0.999], 'lr': 0.0001},
                           'type': 'Adam'},
             'print_freq_step': 20,
             'val_freq_epoch': 5},
 'version': 'v1.0.0'}
[2024-09-04 23:04:11,714][train_realnet.py][line: 123][    INFO] class name is : LEISI_V2
[2024-09-04 23:04:16,544][ misc_helper.py][line:  54][    INFO] ************* model summary *************
[2024-09-04 23:04:16,545][ misc_helper.py][line:  56][    INFO] backbone: 66834240 param
[2024-09-04 23:04:16,545][ misc_helper.py][line:  56][    INFO] afs: 1536 param
[2024-09-04 23:04:16,547][ misc_helper.py][line:  56][    INFO] recon: 121539072 param
[2024-09-04 23:04:16,547][ misc_helper.py][line:  56][    INFO] rrs: 5872662 param
[2024-09-04 23:04:16,550][ misc_helper.py][line:  59][    INFO] ************* model summary *************
[2024-09-04 23:04:16,550][ misc_helper.py][line:  60][    INFO] total: 194247510 param
[2024-09-04 23:04:16,551][ misc_helper.py][line:  61][    INFO] frozen: 66835776 param
[2024-09-04 23:04:16,551][ misc_helper.py][line:  62][    INFO] trainable: 127411734 param
[2024-09-04 23:04:16,551][ misc_helper.py][line:  63][    INFO] ************* model summary *************
[2024-09-04 23:04:26,667][train_realnet.py][line: 153][    INFO] layers: ['backbone', 'afs', 'recon', 'rrs']
[2024-09-04 23:04:26,667][train_realnet.py][line: 154][    INFO] frozen layers: ['backbone', 'afs']
[2024-09-04 23:04:26,667][train_realnet.py][line: 155][    INFO] active layers: ['recon', 'rrs']
[2024-09-04 23:04:32,401][train_realnet.py][line: 270][    INFO] Epoch: [1/1000]	Iter: [20/4400000]	Loss 32.74574 (38.06532)	
[2024-09-04 23:04:37,725][train_realnet.py][line: 270][    INFO] Epoch: [1/1000]	Iter: [40/4400000]	Loss 26.09984 (28.29470)	
[2024-09-04 23:04:43,107][train_realnet.py][line: 270][    INFO] Epoch: [1/1000]	Iter: [60/4400000]	Loss 22.15683 (23.75188)	
[2024-09-04 23:04:48,462][train_realnet.py][line: 270][    INFO] Epoch: [1/1000]	Iter: [80/4400000]	Loss 20.58432 (21.10733)	
[2024-09-04 23:04:53,809][train_realnet.py][line: 270][    INFO] Epoch: [1/1000]	Iter: [100/4400000]	Loss 17.81562 (19.75657)	
[2024-09-04 23:04:59,253][train_realnet.py][line: 270][    INFO] Epoch: [1/1000]	Iter: [120/4400000]	Loss 19.74752 (19.18081)	
[2024-09-04 23:05:04,742][train_realnet.py][line: 270][    INFO] Epoch: [1/1000]	Iter: [140/4400000]	Loss 17.43951 (18.97952)	
[2024-09-04 23:05:10,957][train_realnet.py][line: 270][    INFO] Epoch: [1/1000]	Iter: [160/4400000]	Loss 18.19945 (17.89940)	
[2024-09-04 23:05:17,084][train_realnet.py][line: 270][    INFO] Epoch: [1/1000]	Iter: [180/4400000]	Loss 17.33190 (16.82977)	
[2024-09-04 23:05:23,359][train_realnet.py][line: 270][    INFO] Epoch: [1/1000]	Iter: [200/4400000]	Loss 16.58729 (16.79257)	
