[2024-09-05 09:53:59,548][train_realnet.py][line: 122][    INFO] args: Namespace(class_name='LEISI_V2', config='experiments/LEISI_V2/realnet.yaml', dataset='LEISI_V2', local_rank=0)
[2024-09-05 09:53:59,553][train_realnet.py][line: 123][    INFO] config: {'checkpoints_path': 'experiments/LEISI_V2/realnet_checkpoints/',
 'criterion': [{'kwargs': {'weight': 1.0},
                'name': 'SegmentCrossEntropyLoss',
                'type': 'SegmentCrossEntropyLoss'},
               {'kwargs': {'weight': 1.0},
                'name': 'FeatureMSELoss',
                'type': 'FeatureMSELoss'}],
 'dataset': {'batch_size': 12,
             'image_reader': {'kwargs': {'color_mode': 'RGB',
                                         'image_dir': 'data/LEISI_V2/leisi/'},
                              'type': 'opencv'},
             'input_size': [256, 256],
             'pixel_mean': [0.278, 0.278, 0.278],
             'pixel_std': [0.238, 0.238, 0.238],
             'test': {'meta_file': './data/LEISI_V2/samples/test_LEISI_V2.json'},
             'train': {'anomaly_types': {'dtd': 0.5, 'normal': 0.5},
                       'dtd_dir': 'data/DTD/images',
                       'dtd_transparency_range': [0.2, 1.0],
                       'hflip': False,
                       'meta_file': 'data/LEISI_V2/samples/train_LEISI_V2.json',
                       'min_perlin_scale': 0,
                       'perlin_scale': 6,
                       'rotate': False,
                       'sdas_dir': 'data/LEISI_V2/sdas/LEISI_V2',
                       'sdas_transparency_range': [0.5, 1.0],
                       'vflip': False},
             'type': 'LEISI_V2',
             'workers': 12},
 'evaluator': {'key_metric': 'mean',
               'metrics': {'auc': [{'kwargs': {'avgpool_size': [16, 16]},
                                    'name': 'image'},
                                   {'name': 'pixel'}]}},
 'exp_path': 'experiments/LEISI_V2',
 'log_path': 'experiments/LEISI_V2/realnet_log/',
 'net': [{'frozen': True,
          'kwargs': {'backbone': 'wide_resnet50_2',
                     'outlayers': ['layer1', 'layer2', 'layer3', 'layer4']},
          'name': 'backbone',
          'type': 'models.backbones.Backbone'},
         {'frozen': True,
          'kwargs': {'init_bsn': 64,
                     'structure': [{'layers': [{'idx': 'layer1',
                                                'planes': 256}],
                                    'name': 'block1',
                                    'stride': 4},
                                   {'layers': [{'idx': 'layer2',
                                                'planes': 512}],
                                    'name': 'block2',
                                    'stride': 8},
                                   {'layers': [{'idx': 'layer3',
                                                'planes': 512}],
                                    'name': 'block3',
                                    'stride': 16},
                                   {'layers': [{'idx': 'layer4',
                                                'planes': 256}],
                                    'name': 'block4',
                                    'stride': 32}]},
          'name': 'afs',
          'prev': 'backbone',
          'type': 'models.afs.AFS'},
         {'kwargs': {'attention_mult': [2, 4],
                     'channel_mult': [1, 2, 4],
                     'hide_channels_ratio': 0.25,
                     'num_res_blocks': 2},
          'name': 'recon',
          'prev': 'afs',
          'type': 'models.recon.ReconstructionLayer'},
         {'kwargs': {'mode_numbers': [256, 256],
                     'modes': ['max', 'mean'],
                     'num_residual_layers': 2,
                     'stop_grad': False},
          'name': 'rrs',
          'prev': 'recon',
          'type': 'models.rrs.RRS'}],
 'random_seed': 100,
 'saver': {'checkpoints_dir': 'realnet_checkpoints/',
           'log_dir': 'realnet_log/',
           'vis_dir': 'realnet_vis/'},
 'structure': [{'layers': [{'idx': 'layer1', 'planes': 256}],
                'name': 'block1',
                'stride': 4},
               {'layers': [{'idx': 'layer2', 'planes': 512}],
                'name': 'block2',
                'stride': 8},
               {'layers': [{'idx': 'layer3', 'planes': 512}],
                'name': 'block3',
                'stride': 16},
               {'layers': [{'idx': 'layer4', 'planes': 256}],
                'name': 'block4',
                'stride': 32}],
 'trainer': {'max_epoch': 1000,
             'optimizer': {'kwargs': {'betas': [0.9, 0.999], 'lr': 0.0001},
                           'type': 'Adam'},
             'print_freq_step': 20,
             'val_freq_epoch': 5},
 'version': 'v1.0.0'}
[2024-09-05 09:53:59,553][train_realnet.py][line: 124][    INFO] class name is : LEISI_V2
[2024-09-05 09:54:05,058][ misc_helper.py][line:  54][    INFO] ************* model summary *************
[2024-09-05 09:54:05,060][ misc_helper.py][line:  56][    INFO] backbone: 66834240 param
[2024-09-05 09:54:05,060][ misc_helper.py][line:  56][    INFO] afs: 1536 param
[2024-09-05 09:54:05,063][ misc_helper.py][line:  56][    INFO] recon: 131118848 param
[2024-09-05 09:54:05,063][ misc_helper.py][line:  56][    INFO] rrs: 5872662 param
[2024-09-05 09:54:05,067][ misc_helper.py][line:  59][    INFO] ************* model summary *************
[2024-09-05 09:54:05,067][ misc_helper.py][line:  60][    INFO] total: 203827286 param
[2024-09-05 09:54:05,067][ misc_helper.py][line:  61][    INFO] frozen: 66835776 param
[2024-09-05 09:54:05,067][ misc_helper.py][line:  62][    INFO] trainable: 136991510 param
[2024-09-05 09:54:05,067][ misc_helper.py][line:  63][    INFO] ************* model summary *************
[2024-09-05 09:56:05,844][train_realnet.py][line: 155][    INFO] layers: ['backbone', 'afs', 'recon', 'rrs']
[2024-09-05 09:56:05,844][train_realnet.py][line: 156][    INFO] frozen layers: ['backbone', 'afs']
[2024-09-05 09:56:05,844][train_realnet.py][line: 157][    INFO] active layers: ['recon', 'rrs']
[2024-09-05 09:56:32,570][train_realnet.py][line: 264][    INFO] Epoch: [1/1000]	Iter: [20/92000]	Loss 37.76870 (41.93106)	
[2024-09-05 09:56:52,718][train_realnet.py][line: 264][    INFO] Epoch: [1/1000]	Iter: [40/92000]	Loss 32.11368 (34.76331)	
[2024-09-05 09:57:13,381][train_realnet.py][line: 264][    INFO] Epoch: [1/1000]	Iter: [60/92000]	Loss 28.68767 (29.94156)	
[2024-09-05 09:57:33,728][train_realnet.py][line: 264][    INFO] Epoch: [1/1000]	Iter: [80/92000]	Loss 25.86655 (26.82129)	
[2024-09-05 09:57:59,316][train_realnet.py][line: 264][    INFO] Epoch: [2/1000]	Iter: [100/92000]	Loss 23.69979 (24.14981)	
[2024-09-05 09:58:20,288][train_realnet.py][line: 264][    INFO] Epoch: [2/1000]	Iter: [120/92000]	Loss 22.98620 (23.15179)	
[2024-09-05 09:58:41,426][train_realnet.py][line: 264][    INFO] Epoch: [2/1000]	Iter: [140/92000]	Loss 21.50214 (22.08987)	
[2024-09-05 09:59:02,144][train_realnet.py][line: 264][    INFO] Epoch: [2/1000]	Iter: [160/92000]	Loss 21.05116 (21.24258)	
[2024-09-05 09:59:22,660][train_realnet.py][line: 264][    INFO] Epoch: [2/1000]	Iter: [180/92000]	Loss 20.33650 (20.45314)	
[2024-09-05 09:59:48,697][train_realnet.py][line: 264][    INFO] Epoch: [3/1000]	Iter: [200/92000]	Loss 19.77820 (19.80866)	
[2024-09-05 10:00:09,760][train_realnet.py][line: 264][    INFO] Epoch: [3/1000]	Iter: [220/92000]	Loss 19.10715 (19.27523)	
[2024-09-05 10:00:30,871][train_realnet.py][line: 264][    INFO] Epoch: [3/1000]	Iter: [240/92000]	Loss 18.40418 (18.75249)	
[2024-09-05 10:00:52,012][train_realnet.py][line: 264][    INFO] Epoch: [3/1000]	Iter: [260/92000]	Loss 18.22139 (18.33398)	
[2024-09-05 10:01:19,224][train_realnet.py][line: 264][    INFO] Epoch: [4/1000]	Iter: [280/92000]	Loss 17.81001 (17.64823)	
[2024-09-05 10:01:39,602][train_realnet.py][line: 264][    INFO] Epoch: [4/1000]	Iter: [300/92000]	Loss 17.37097 (17.55583)	
[2024-09-05 10:02:00,520][train_realnet.py][line: 264][    INFO] Epoch: [4/1000]	Iter: [320/92000]	Loss 17.15444 (17.17130)	
[2024-09-05 10:02:22,561][train_realnet.py][line: 264][    INFO] Epoch: [4/1000]	Iter: [340/92000]	Loss 16.70325 (16.86955)	
[2024-09-05 10:02:43,352][train_realnet.py][line: 264][    INFO] Epoch: [4/1000]	Iter: [360/92000]	Loss 16.19986 (16.59260)	
[2024-09-05 10:03:10,029][train_realnet.py][line: 264][    INFO] Epoch: [5/1000]	Iter: [380/92000]	Loss 16.16551 (16.14201)	
[2024-09-05 10:03:31,082][train_realnet.py][line: 264][    INFO] Epoch: [5/1000]	Iter: [400/92000]	Loss 15.76082 (15.94713)	
[2024-09-05 10:03:52,425][train_realnet.py][line: 264][    INFO] Epoch: [5/1000]	Iter: [420/92000]	Loss 15.71944 (15.72735)	
[2024-09-05 10:04:13,442][train_realnet.py][line: 264][    INFO] Epoch: [5/1000]	Iter: [440/92000]	Loss 15.51888 (15.46839)	
[2024-09-05 10:04:34,407][train_realnet.py][line: 264][    INFO] Epoch: [5/1000]	Iter: [460/92000]	Loss 15.11486 (15.14015)	
[2024-09-05 10:04:50,738][train_realnet.py][line: 320][    INFO]  * Loss 0.03613
